#
# There is insufficient memory for the Java Runtime Environment to continue.
# Native memory allocation (mmap) failed to map 79691776 bytes for G1 virtual space
# Possible reasons:
#   The system is out of physical RAM or swap space
#   The process is running with CompressedOops enabled, and the Java Heap may be blocking the growth of the native heap
# Possible solutions:
#   Reduce memory load on the system
#   Increase physical memory or swap space
#   Check if swap backing store is full
#   Decrease Java heap size (-Xmx/-Xms)
#   Decrease number of Java threads
#   Decrease Java thread stack sizes (-Xss)
#   Set larger code cache with -XX:ReservedCodeCacheSize=
#   JVM is running with Zero Based Compressed Oops mode in which the Java heap is
#     placed in the first 32GB address space. The Java Heap base address is the
#     maximum limit for the native heap growth. Please use -XX:HeapBaseMinAddress
#     to set the Java Heap base and to place the Java Heap above 32GB virtual address.
# This output file may be truncated or incomplete.
#
#  Out of Memory Error (os_windows.cpp:3469), pid=96, tid=16472
#
# JRE version: OpenJDK Runtime Environment Temurin-17.0.1+12 (17.0.1+12) (build 17.0.1+12)
# Java VM: OpenJDK 64-Bit Server VM Temurin-17.0.1+12 (17.0.1+12, mixed mode, emulated-client, tiered, compressed oops, compressed class ptrs, g1 gc, windows-amd64)
# No core dump will be written. Minidumps are not enabled by default on client versions of Windows
#

---------------  S U M M A R Y ------------

Command Line: -Dcom.sun.management.jmxremote -Dcom.sun.management.jmxremote.port=60620 -Dcom.sun.management.jmxremote.authenticate=false -Dcom.sun.management.jmxremote.ssl=false -Djava.rmi.server.hostname=localhost -Dspring.jmx.enabled=true -Dspring.application.admin.enabled=true -XX:TieredStopAtLevel=1 -Dspring.boot.project.name=ConfigClient -Dfile.encoding=UTF-8 -XX:+ShowCodeDetailsInExceptionMessages com.example.demo.ConfigClientApplication --spring.profiles.active=test --spring.output.ansi.enabled=always

Host: Intel(R) Core(TM) i7-7700HQ CPU @ 2.80GHz, 8 cores, 11G,  Windows 10 , 64 bit Build 19041 (10.0.19041.1202)
Time: Wed Apr 20 15:59:16 2022 W. Central Africa Standard Time elapsed time: 4.190049 seconds (0d 0h 0m 4s)

---------------  T H R E A D  ---------------

Current thread (0x00000244e24056d0):  VMThread "VM Thread" [stack: 0x0000006d71000000,0x0000006d71100000] [id=16472]

Stack: [0x0000006d71000000,0x0000006d71100000]
Native frames: (J=compiled Java code, j=interpreted, Vv=VM code, C=native code)
V  [jvm.dll+0x6744da]
V  [jvm.dll+0x82e144]
V  [jvm.dll+0x82f8ee]
V  [jvm.dll+0x82ff53]
V  [jvm.dll+0x245175]
V  [jvm.dll+0x6714c9]
V  [jvm.dll+0x665f92]
V  [jvm.dll+0x303c3b]
V  [jvm.dll+0x30b176]
V  [jvm.dll+0x35af1e]
V  [jvm.dll+0x35b14f]
V  [jvm.dll+0x2dab78]
V  [jvm.dll+0x2d8e2c]
V  [jvm.dll+0x2d83fc]
V  [jvm.dll+0x31c24b]
V  [jvm.dll+0x8343bb]
V  [jvm.dll+0x8350f4]
V  [jvm.dll+0x83560c]
V  [jvm.dll+0x8359e4]
V  [jvm.dll+0x835ab0]
V  [jvm.dll+0x7de51a]
V  [jvm.dll+0x673305]
C  [ucrtbase.dll+0x21bb2]
C  [KERNEL32.DLL+0x17034]
C  [ntdll.dll+0x52651]

VM_Operation (0x0000006d70afd5f0): G1CollectForAllocation, mode: safepoint, requested by thread 0x00000244cf58e7d0


---------------  P R O C E S S  ---------------

Threads class SMR info:
_java_thread_list=0x00000244e454cea0, length=24, elements={
0x00000244cf58e7d0, 0x00000244e2409c20, 0x00000244e240a9a0, 0x00000244e2453390,
0x00000244e2460650, 0x00000244e2462210, 0x00000244e2464bd0, 0x00000244e2465580,
0x00000244e2476a70, 0x00000244e25a6bc0, 0x00000244e25623e0, 0x00000244e1924c30,
0x00000244e2662870, 0x00000244e2d1ea10, 0x00000244e2d0a660, 0x00000244e2ed6470,
0x00000244e3dbb4c0, 0x00000244e3e54690, 0x00000244e3e56b70, 0x00000244e3e7a4c0,
0x00000244e4192880, 0x00000244e4166ef0, 0x00000244e4194560, 0x00000244e4194090
}

Java Threads: ( => current thread )
  0x00000244cf58e7d0 JavaThread "main" [_thread_blocked, id=6460, stack(0x0000006d70a00000,0x0000006d70b00000)]
  0x00000244e2409c20 JavaThread "Reference Handler" daemon [_thread_blocked, id=2808, stack(0x0000006d71100000,0x0000006d71200000)]
  0x00000244e240a9a0 JavaThread "Finalizer" daemon [_thread_blocked, id=7468, stack(0x0000006d71200000,0x0000006d71300000)]
  0x00000244e2453390 JavaThread "Signal Dispatcher" daemon [_thread_blocked, id=5848, stack(0x0000006d71300000,0x0000006d71400000)]
  0x00000244e2460650 JavaThread "Attach Listener" daemon [_thread_blocked, id=9692, stack(0x0000006d71400000,0x0000006d71500000)]
  0x00000244e2462210 JavaThread "Service Thread" daemon [_thread_blocked, id=13324, stack(0x0000006d71500000,0x0000006d71600000)]
  0x00000244e2464bd0 JavaThread "Monitor Deflation Thread" daemon [_thread_blocked, id=1800, stack(0x0000006d71600000,0x0000006d71700000)]
  0x00000244e2465580 JavaThread "C1 CompilerThread0" daemon [_thread_blocked, id=7588, stack(0x0000006d71700000,0x0000006d71800000)]
  0x00000244e2476a70 JavaThread "Sweeper thread" daemon [_thread_blocked, id=13236, stack(0x0000006d71800000,0x0000006d71900000)]
  0x00000244e25a6bc0 JavaThread "Common-Cleaner" daemon [_thread_blocked, id=4756, stack(0x0000006d71900000,0x0000006d71a00000)]
  0x00000244e25623e0 JavaThread "C1 CompilerThread1" daemon [_thread_blocked, id=7064, stack(0x0000006d71a00000,0x0000006d71b00000)]
  0x00000244e1924c30 JavaThread "C1 CompilerThread2" daemon [_thread_blocked, id=1620, stack(0x0000006d71b00000,0x0000006d71c00000)]
  0x00000244e2662870 JavaThread "Notification Thread" daemon [_thread_blocked, id=11704, stack(0x0000006d71d00000,0x0000006d71e00000)]
  0x00000244e2d1ea10 JavaThread "RMI TCP Accept-0" daemon [_thread_in_native, id=6584, stack(0x0000006d71e00000,0x0000006d71f00000)]
  0x00000244e2d0a660 JavaThread "RMI TCP Accept-60620" daemon [_thread_in_native, id=9492, stack(0x0000006d71f00000,0x0000006d72000000)]
  0x00000244e2ed6470 JavaThread "RMI TCP Accept-0" daemon [_thread_in_native, id=15724, stack(0x0000006d72000000,0x0000006d72100000)]
  0x00000244e3dbb4c0 JavaThread "RMI TCP Connection(1)-127.0.0.1" daemon [_thread_in_native, id=15376, stack(0x0000006d72700000,0x0000006d72800000)]
  0x00000244e3e54690 JavaThread "RMI Scheduler(0)" daemon [_thread_blocked, id=7612, stack(0x0000006d72800000,0x0000006d72900000)]
  0x00000244e3e56b70 JavaThread "RMI TCP Connection(2)-127.0.0.1" daemon [_thread_blocked, id=76, stack(0x0000006d72900000,0x0000006d72a00000)]
  0x00000244e3e7a4c0 JavaThread "JMX server connection timeout 22" daemon [_thread_blocked, id=17216, stack(0x0000006d72a00000,0x0000006d72b00000)]
  0x00000244e4192880 JavaThread "Keep-Alive-Timer" daemon [_thread_blocked, id=15764, stack(0x0000006d71c00000,0x0000006d71d00000)]
  0x00000244e4166ef0 JavaThread "C1 CompilerThread3" daemon [_thread_blocked, id=6868, stack(0x0000006d72f00000,0x0000006d73000000)]
  0x00000244e4194560 JavaThread "RMI TCP Connection(3)-127.0.0.1" daemon [_thread_in_native, id=13004, stack(0x0000006d73000000,0x0000006d73100000)]
  0x00000244e4194090 JavaThread "JMX server connection timeout 29" daemon [_thread_blocked, id=15436, stack(0x0000006d73100000,0x0000006d73200000)]

Other Threads:
=>0x00000244e24056d0 VMThread "VM Thread" [stack: 0x0000006d71000000,0x0000006d71100000] [id=16472]
  0x00000244e2d0af80 WatcherThread [stack: 0x0000006d72100000,0x0000006d72200000] [id=14968]
  0x00000244d166a5c0 GCTaskThread "GC Thread#0" [stack: 0x0000006d70b00000,0x0000006d70c00000] [id=11224]
  0x00000244e2ee1ac0 GCTaskThread "GC Thread#1" [stack: 0x0000006d72200000,0x0000006d72300000] [id=5036]
  0x00000244e2ee1d70 GCTaskThread "GC Thread#2" [stack: 0x0000006d72300000,0x0000006d72400000] [id=13580]
  0x00000244e2f37060 GCTaskThread "GC Thread#3" [stack: 0x0000006d72400000,0x0000006d72500000] [id=10208]
  0x00000244e2f66930 GCTaskThread "GC Thread#4" [stack: 0x0000006d72500000,0x0000006d72600000] [id=11652]
  0x00000244e2f67400 GCTaskThread "GC Thread#5" [stack: 0x0000006d72600000,0x0000006d72700000] [id=16040]
  0x00000244e3f34ea0 GCTaskThread "GC Thread#6" [stack: 0x0000006d72b00000,0x0000006d72c00000] [id=6716]
  0x00000244e3f35150 GCTaskThread "GC Thread#7" [stack: 0x0000006d72c00000,0x0000006d72d00000] [id=13596]
  0x00000244d1677340 ConcurrentGCThread "G1 Main Marker" [stack: 0x0000006d70c00000,0x0000006d70d00000] [id=9744]
  0x00000244d16784f0 ConcurrentGCThread "G1 Conc#0" [stack: 0x0000006d70d00000,0x0000006d70e00000] [id=10396]
  0x00000244e3fa2850 ConcurrentGCThread "G1 Conc#1" [stack: 0x0000006d72d00000,0x0000006d72e00000] [id=16768]
  0x00000244d16ec880 ConcurrentGCThread "G1 Refine#0" [stack: 0x0000006d70e00000,0x0000006d70f00000] [id=12748]
  0x00000244d16ed2a0 ConcurrentGCThread "G1 Service" [stack: 0x0000006d70f00000,0x0000006d71000000] [id=244]

Threads with active compile tasks:

VM state: at safepoint (normal execution)

VM Mutex/Monitor currently owned by a thread:  ([mutex/lock_event])
[0x00000244cf58a9b0] Threads_lock - owner thread: 0x00000244e24056d0
[0x00000244cf58b3d0] Heap_lock - owner thread: 0x00000244cf58e7d0

Heap address: 0x0000000741c00000, size: 3044 MB, Compressed Oops mode: Zero based, Oop shift amount: 3

CDS archive(s) not mapped
Compressed class space mapped at: 0x0000000800000000-0x0000000840000000, reserved size: 1073741824
Narrow klass base: 0x0000000800000000, Narrow klass shift: 0, Narrow klass range: 0x40000000

GC Precious Log:
 CPUs: 8 total, 8 available
 Memory: 12171M
 Large Page Support: Disabled
 NUMA Support: Disabled
 Compressed Oops: Enabled (Zero based)
 Heap Region Size: 2M
 Heap Min Capacity: 8M
 Heap Initial Capacity: 192M
 Heap Max Capacity: 3044M
 Pre-touch: Disabled
 Parallel Workers: 8
 Concurrent Workers: 2
 Concurrent Refinement Workers: 8
 Periodic GC: Disabled

Heap:
 garbage-first heap   total 40960K, used 16224K [0x0000000741c00000, 0x0000000800000000)
  region size 2048K, 1 young (2048K), 1 survivors (2048K)
 Metaspace       used 33846K, committed 34240K, reserved 1081344K
  class space    used 4168K, committed 4352K, reserved 1048576K

Heap Regions: E=young(eden), S=young(survivor), O=old, HS=humongous(starts), HC=humongous(continues), CS=collection set, F=free, OA=open archive, CA=closed archive, TAMS=top-at-mark-start (previous, next)
|   0|0x0000000741c00000, 0x0000000741e00000, 0x0000000741e00000|100%| O|  |TAMS 0x0000000741e00000, 0x0000000741c00000| Untracked 
|   1|0x0000000741e00000, 0x0000000742000000, 0x0000000742000000|100%| O|  |TAMS 0x0000000742000000, 0x0000000741e00000| Untracked 
|   2|0x0000000742000000, 0x00000007421ea200, 0x0000000742200000| 95%| O|  |TAMS 0x00000007421ea200, 0x0000000742000000| Untracked 
|   3|0x0000000742200000, 0x0000000742400000, 0x0000000742400000|100%| O|  |TAMS 0x0000000742200000, 0x0000000742200000| Untracked 
|   4|0x0000000742400000, 0x0000000742600000, 0x0000000742600000|100%| O|  |TAMS 0x0000000742400000, 0x0000000742400000| Untracked 
|   5|0x0000000742600000, 0x0000000742800000, 0x0000000742800000|100%| O|  |TAMS 0x0000000742600000, 0x0000000742600000| Untracked 
|   6|0x0000000742800000, 0x0000000742a00000, 0x0000000742a00000|100%| O|  |TAMS 0x0000000742800000, 0x0000000742800000| Untracked 
|   7|0x0000000742a00000, 0x0000000742ab7e00, 0x0000000742c00000| 35%| O|  |TAMS 0x0000000742a00000, 0x0000000742a00000| Untracked 
|   8|0x0000000742c00000, 0x0000000742c00000, 0x0000000742e00000|  0%| F|  |TAMS 0x0000000742c00000, 0x0000000742c00000| Untracked 
|   9|0x0000000742e00000, 0x0000000742e00000, 0x0000000743000000|  0%| F|  |TAMS 0x0000000742e00000, 0x0000000742e00000| Untracked 
|  10|0x0000000743000000, 0x0000000743000000, 0x0000000743200000|  0%| F|  |TAMS 0x0000000743000000, 0x0000000743000000| Untracked 
|  11|0x0000000743200000, 0x0000000743200000, 0x0000000743400000|  0%| F|  |TAMS 0x0000000743200000, 0x0000000743200000| Untracked 
|  12|0x0000000743400000, 0x0000000743400000, 0x0000000743600000|  0%| F|  |TAMS 0x0000000743400000, 0x0000000743400000| Untracked 
|  13|0x0000000743600000, 0x00000007437360c8, 0x0000000743800000| 60%| S|CS|TAMS 0x0000000743600000, 0x0000000743600000| Complete 
|  14|0x0000000743800000, 0x0000000743800000, 0x0000000743a00000|  0%| F|  |TAMS 0x0000000743800000, 0x0000000743800000| Untracked 
|  15|0x0000000743a00000, 0x0000000743a00000, 0x0000000743c00000|  0%| F|  |TAMS 0x0000000743a00000, 0x0000000743a00000| Untracked 
|  16|0x0000000743c00000, 0x0000000743c00000, 0x0000000743e00000|  0%| F|  |TAMS 0x0000000743c00000, 0x0000000743c00000| Untracked 
|  87|0x000000074ca00000, 0x000000074ca00000, 0x000000074cc00000|  0%| F|  |TAMS 0x000000074ca00000, 0x000000074ca00000| Untracked 
|  88|0x000000074cc00000, 0x000000074cc00000, 0x000000074ce00000|  0%| F|  |TAMS 0x000000074cc00000, 0x000000074cc00000| Untracked 
|  95|0x000000074da00000, 0x000000074da00000, 0x000000074dc00000|  0%| F|  |TAMS 0x000000074da00000, 0x000000074da00000| Untracked 

Card table byte_map: [0x00000244d83d0000,0x00000244d89d0000] _byte_map_base: 0x00000244d49c2000

Marking Bits (Prev, Next): (CMBitMap*) 0x00000244d166ac10, (CMBitMap*) 0x00000244d166abd0
 Prev Bits: [0x00000244dbf60000, 0x00000244deef0000)
 Next Bits: [0x00000244d8fd0000, 0x00000244dbf60000)

Polling page: 0x00000244cf590000

Metaspace:

Usage:
  Non-class:     28.98 MB used.
      Class:      4.07 MB used.
       Both:     33.05 MB used.

Virtual space:
  Non-class space:       32.00 MB reserved,      29.19 MB ( 91%) committed,  4 nodes.
      Class space:        1.00 GB reserved,       4.25 MB ( <1%) committed,  1 nodes.
             Both:        1.03 GB reserved,      33.44 MB (  3%) committed. 

Chunk freelists:
   Non-Class:  2.34 MB
       Class:  3.64 MB
        Both:  5.98 MB

MaxMetaspaceSize: unlimited
CompressedClassSpaceSize: 1.00 GB
Initial GC threshold: 21.00 MB
Current GC threshold: 35.44 MB
CDS: off
MetaspaceReclaimPolicy: balanced
 - commit_granule_bytes: 65536.
 - commit_granule_words: 8192.
 - virtual_space_node_default_size: 1048576.
 - enlarge_chunks_in_place: 1.
 - new_chunks_are_fully_committed: 0.
 - uncommit_free_chunks: 1.
 - use_allocation_guard: 0.
 - handle_deallocations: 1.


Internal statistics:

num_allocs_failed_limit: 3.
num_arena_births: 404.
num_arena_deaths: 0.
num_vsnodes_births: 5.
num_vsnodes_deaths: 0.
num_space_committed: 535.
num_space_uncommitted: 0.
num_chunks_returned_to_freelist: 3.
num_chunks_taken_from_freelist: 1282.
num_chunk_merges: 3.
num_chunk_splits: 846.
num_chunks_enlarged: 588.
num_purges: 0.
num_inconsistent_stats: 0.

CodeCache: size=49152Kb used=8384Kb max_used=8384Kb free=40767Kb
 bounds [0x00000244d4cc0000, 0x00000244d5500000, 0x00000244d7cc0000]
 total_blobs=4046 nmethods=3533 adapters=436
 compilation: enabled
              stopped_count=0, restarted_count=0
 full_count=0

Compilation events (20 events):
Event: 4.056 Thread 0x00000244e2465580 nmethod 3524 0x00000244d54ed290 code [0x00000244d54ed420, 0x00000244d54ed4d8]
Event: 4.056 Thread 0x00000244e4166ef0 nmethod 3523 0x00000244d54ed590 code [0x00000244d54ed720, 0x00000244d54ed7d8]
Event: 4.056 Thread 0x00000244e4166ef0 3525   !   1       jdk.internal.reflect.GeneratedConstructorAccessor9::newInstance (49 bytes)
Event: 4.056 Thread 0x00000244e4166ef0 nmethod 3525 0x00000244d54ed890 code [0x00000244d54eda80, 0x00000244d54edeb8]
Event: 4.059 Thread 0x00000244e4166ef0 3526       1       org.springframework.context.annotation.ConfigurationClass::getImportedResources (5 bytes)
Event: 4.059 Thread 0x00000244e2465580 3527       1       org.springframework.context.annotation.ConfigurationClass::getImportBeanDefinitionRegistrars (5 bytes)
Event: 4.059 Thread 0x00000244e2465580 nmethod 3527 0x00000244d54ee190 code [0x00000244d54ee320, 0x00000244d54ee3f8]
Event: 4.059 Thread 0x00000244e4166ef0 nmethod 3526 0x00000244d54ee490 code [0x00000244d54ee620, 0x00000244d54ee6f8]
Event: 4.060 Thread 0x00000244e4166ef0 3528       1       org.springframework.context.annotation.ConfigurationClass::setBeanName (6 bytes)
Event: 4.060 Thread 0x00000244e4166ef0 nmethod 3528 0x00000244d54ee790 code [0x00000244d54ee920, 0x00000244d54eea38]
Event: 4.062 Thread 0x00000244e25623e0 3529       1       org.springframework.core.annotation.MergedAnnotationsCollection::get (8 bytes)
Event: 4.062 Thread 0x00000244e2465580 3530       1       org.springframework.core.annotation.MergedAnnotationsCollection::get (23 bytes)
Event: 4.062 Thread 0x00000244e25623e0 nmethod 3529 0x00000244d54eea90 code [0x00000244d54eec20, 0x00000244d54eed28]
Event: 4.062 Thread 0x00000244e2465580 nmethod 3530 0x00000244d54eee10 code [0x00000244d54eefa0, 0x00000244d54ef088]
Event: 4.065 Thread 0x00000244e2465580 3531       1       org.springframework.core.annotation.MergedAnnotationsCollection::stream (10 bytes)
Event: 4.065 Thread 0x00000244e2465580 nmethod 3531 0x00000244d54ef110 code [0x00000244d54ef2c0, 0x00000244d54ef698]
Event: 4.077 Thread 0x00000244e2465580 3532   !   1       jdk.proxy1.$Proxy0::annotationType (29 bytes)
Event: 4.077 Thread 0x00000244e4166ef0 3533       1       org.springframework.boot.autoconfigure.condition.ConditionMessage$Builder::found (18 bytes)
Event: 4.077 Thread 0x00000244e2465580 nmethod 3532 0x00000244d54ef810 code [0x00000244d54ef9c0, 0x00000244d54efbd8]
Event: 4.077 Thread 0x00000244e4166ef0 nmethod 3533 0x00000244d54efd10 code [0x00000244d54efea0, 0x00000244d54f0028]

GC Heap History (17 events):
Event: 0.724 GC heap before
{Heap before GC invocations=0 (full 0):
 garbage-first heap   total 196608K, used 20480K [0x0000000741c00000, 0x0000000800000000)
  region size 2048K, 11 young (22528K), 0 survivors (0K)
 Metaspace       used 12789K, committed 12992K, reserved 1064960K
  class space    used 1299K, committed 1408K, reserved 1048576K
}
Event: 0.731 GC heap after
{Heap after GC invocations=1 (full 0):
 garbage-first heap   total 196608K, used 6554K [0x0000000741c00000, 0x0000000800000000)
  region size 2048K, 2 young (4096K), 2 survivors (4096K)
 Metaspace       used 12789K, committed 12992K, reserved 1064960K
  class space    used 1299K, committed 1408K, reserved 1048576K
}
Event: 1.419 GC heap before
{Heap before GC invocations=1 (full 0):
 garbage-first heap   total 196608K, used 29082K [0x0000000741c00000, 0x0000000800000000)
  region size 2048K, 13 young (26624K), 2 survivors (4096K)
 Metaspace       used 19043K, committed 19328K, reserved 1073152K
  class space    used 2133K, committed 2240K, reserved 1048576K
}
Event: 1.425 GC heap after
{Heap after GC invocations=2 (full 0):
 garbage-first heap   total 196608K, used 8657K [0x0000000741c00000, 0x0000000800000000)
  region size 2048K, 2 young (4096K), 2 survivors (4096K)
 Metaspace       used 19043K, committed 19328K, reserved 1073152K
  class space    used 2133K, committed 2240K, reserved 1048576K
}
Event: 1.613 GC heap before
{Heap before GC invocations=2 (full 0):
 garbage-first heap   total 196608K, used 20945K [0x0000000741c00000, 0x0000000800000000)
  region size 2048K, 9 young (18432K), 2 survivors (4096K)
 Metaspace       used 21265K, committed 21504K, reserved 1073152K
  class space    used 2426K, committed 2560K, reserved 1048576K
}
Event: 1.617 GC heap after
{Heap after GC invocations=3 (full 0):
 garbage-first heap   total 196608K, used 9303K [0x0000000741c00000, 0x0000000800000000)
  region size 2048K, 2 young (4096K), 2 survivors (4096K)
 Metaspace       used 21265K, committed 21504K, reserved 1073152K
  class space    used 2426K, committed 2560K, reserved 1048576K
}
Event: 1.867 GC heap before
{Heap before GC invocations=4 (full 0):
 garbage-first heap   total 40960K, used 27735K [0x0000000741c00000, 0x0000000800000000)
  region size 2048K, 12 young (24576K), 2 survivors (4096K)
 Metaspace       used 26109K, committed 26368K, reserved 1073152K
  class space    used 3041K, committed 3136K, reserved 1048576K
}
Event: 1.872 GC heap after
{Heap after GC invocations=5 (full 0):
 garbage-first heap   total 40960K, used 10117K [0x0000000741c00000, 0x0000000800000000)
  region size 2048K, 2 young (4096K), 2 survivors (4096K)
 Metaspace       used 26109K, committed 26368K, reserved 1073152K
  class space    used 3041K, committed 3136K, reserved 1048576K
}
Event: 3.119 GC heap before
{Heap before GC invocations=5 (full 0):
 garbage-first heap   total 40960K, used 26501K [0x0000000741c00000, 0x0000000800000000)
  region size 2048K, 10 young (20480K), 2 survivors (4096K)
 Metaspace       used 29757K, committed 30080K, reserved 1081344K
  class space    used 3574K, committed 3712K, reserved 1048576K
}
Event: 3.129 GC heap after
{Heap after GC invocations=6 (full 0):
 garbage-first heap   total 40960K, used 11131K [0x0000000741c00000, 0x0000000800000000)
  region size 2048K, 2 young (4096K), 2 survivors (4096K)
 Metaspace       used 29757K, committed 30080K, reserved 1081344K
  class space    used 3574K, committed 3712K, reserved 1048576K
}
Event: 3.345 GC heap before
{Heap before GC invocations=6 (full 0):
 garbage-first heap   total 40960K, used 25467K [0x0000000741c00000, 0x0000000800000000)
  region size 2048K, 9 young (18432K), 2 survivors (4096K)
 Metaspace       used 30957K, committed 31232K, reserved 1081344K
  class space    used 3705K, committed 3840K, reserved 1048576K
}
Event: 3.352 GC heap after
{Heap after GC invocations=7 (full 0):
 garbage-first heap   total 40960K, used 12374K [0x0000000741c00000, 0x0000000800000000)
  region size 2048K, 2 young (4096K), 2 survivors (4096K)
 Metaspace       used 30957K, committed 31232K, reserved 1081344K
  class space    used 3705K, committed 3840K, reserved 1048576K
}
Event: 3.573 GC heap before
{Heap before GC invocations=7 (full 0):
 garbage-first heap   total 40960K, used 26710K [0x0000000741c00000, 0x0000000800000000)
  region size 2048K, 9 young (18432K), 2 survivors (4096K)
 Metaspace       used 31513K, committed 31808K, reserved 1081344K
  class space    used 3783K, committed 3904K, reserved 1048576K
}
Event: 3.580 GC heap after
{Heap after GC invocations=8 (full 0):
 garbage-first heap   total 40960K, used 13753K [0x0000000741c00000, 0x0000000800000000)
  region size 2048K, 2 young (4096K), 2 survivors (4096K)
 Metaspace       used 31513K, committed 31808K, reserved 1081344K
  class space    used 3783K, committed 3904K, reserved 1048576K
}
Event: 3.845 GC heap before
{Heap before GC invocations=8 (full 0):
 garbage-first heap   total 40960K, used 28089K [0x0000000741c00000, 0x0000000800000000)
  region size 2048K, 9 young (18432K), 2 survivors (4096K)
 Metaspace       used 32919K, committed 33216K, reserved 1081344K
  class space    used 4003K, committed 4160K, reserved 1048576K
}
Event: 3.851 GC heap after
{Heap after GC invocations=9 (full 0):
 garbage-first heap   total 40960K, used 15374K [0x0000000741c00000, 0x0000000800000000)
  region size 2048K, 2 young (4096K), 2 survivors (4096K)
 Metaspace       used 32919K, committed 33216K, reserved 1081344K
  class space    used 4003K, committed 4160K, reserved 1048576K
}
Event: 4.088 GC heap before
{Heap before GC invocations=9 (full 0):
 garbage-first heap   total 40960K, used 27662K [0x0000000741c00000, 0x0000000800000000)
  region size 2048K, 8 young (16384K), 2 survivors (4096K)
 Metaspace       used 33846K, committed 34240K, reserved 1081344K
  class space    used 4168K, committed 4352K, reserved 1048576K
}

Deoptimization events (6 events):
Event: 0.853 Thread 0x00000244cf58e7d0 DEOPT PACKING pc=0x00000244d5019381 sp=0x0000006d70afdda0
Event: 0.853 Thread 0x00000244cf58e7d0 DEOPT UNPACKING pc=0x00000244d4d12b43 sp=0x0000006d70afd1f8 mode 3
Event: 1.787 Thread 0x00000244cf58e7d0 DEOPT PACKING pc=0x00000244d51f842c sp=0x0000006d70afe4c0
Event: 1.787 Thread 0x00000244cf58e7d0 DEOPT UNPACKING pc=0x00000244d4d12b43 sp=0x0000006d70afd988 mode 0
Event: 2.938 Thread 0x00000244cf58e7d0 DEOPT PACKING pc=0x00000244d4f517f9 sp=0x0000006d70afd6a0
Event: 2.938 Thread 0x00000244cf58e7d0 DEOPT UNPACKING pc=0x00000244d4d12b43 sp=0x0000006d70afcb80 mode 3

Classes unloaded (0 events):
No events

Classes redefined (0 events):
No events

Internal exceptions (20 events):
Event: 3.928 Thread 0x00000244e4194560 Exception <a 'java/lang/ClassNotFoundException'{0x000000074cad2cc8}: org/springframework/context/support/LiveBeansView> (0x000000074cad2cc8) 
thrown [e:\jenkins\tmp\workspace\build\src\src\hotspot\share\classfile\systemDictionary.cpp, line 256]
Event: 3.928 Thread 0x00000244e4194560 Exception <a 'java/lang/ClassNotFoundException'{0x000000074cad3070}: org/springframework/context/support/LiveBeansView> (0x000000074cad3070) 
thrown [e:\jenkins\tmp\workspace\build\src\src\hotspot\share\classfile\systemDictionary.cpp, line 256]
Event: 3.928 Thread 0x00000244e4194560 Exception <a 'java/lang/ClassNotFoundException'{0x000000074cad3410}: org/springframework/context/support/LiveBeansView> (0x000000074cad3410) 
thrown [e:\jenkins\tmp\workspace\build\src\src\hotspot\share\classfile\systemDictionary.cpp, line 256]
Event: 3.928 Thread 0x00000244e4194560 Exception <a 'java/lang/ClassNotFoundException'{0x000000074cad37d0}: org/springframework/context/support/LiveBeansView> (0x000000074cad37d0) 
thrown [e:\jenkins\tmp\workspace\build\src\src\hotspot\share\classfile\systemDictionary.cpp, line 256]
Event: 3.928 Thread 0x00000244e4194560 Exception <a 'java/lang/ClassNotFoundException'{0x000000074cad3b90}: org/springframework/context/support/LiveBeansView> (0x000000074cad3b90) 
thrown [e:\jenkins\tmp\workspace\build\src\src\hotspot\share\classfile\systemDictionary.cpp, line 256]
Event: 3.928 Thread 0x00000244e4194560 Exception <a 'java/lang/ClassNotFoundException'{0x000000074cad3f48}: org/springframework/context/support/LiveBeansView> (0x000000074cad3f48) 
thrown [e:\jenkins\tmp\workspace\build\src\src\hotspot\share\classfile\systemDictionary.cpp, line 256]
Event: 3.928 Thread 0x00000244e4194560 Exception <a 'java/lang/ClassNotFoundException'{0x000000074cad4308}: org/springframework/context/support/LiveBeansView> (0x000000074cad4308) 
thrown [e:\jenkins\tmp\workspace\build\src\src\hotspot\share\classfile\systemDictionary.cpp, line 256]
Event: 3.928 Thread 0x00000244e4194560 Exception <a 'java/lang/ClassNotFoundException'{0x000000074cad46a8}: org/springframework/context/support/LiveBeansView> (0x000000074cad46a8) 
thrown [e:\jenkins\tmp\workspace\build\src\src\hotspot\share\classfile\systemDictionary.cpp, line 256]
Event: 3.928 Thread 0x00000244e4194560 Exception <a 'java/lang/ClassNotFoundException'{0x000000074cad4a60}: org/springframework/context/support/LiveBeansView> (0x000000074cad4a60) 
thrown [e:\jenkins\tmp\workspace\build\src\src\hotspot\share\classfile\systemDictionary.cpp, line 256]
Event: 3.928 Thread 0x00000244e4194560 Exception <a 'java/lang/ClassNotFoundException'{0x000000074cad4e10}: org/springframework/context/support/LiveBeansView> (0x000000074cad4e10) 
thrown [e:\jenkins\tmp\workspace\build\src\src\hotspot\share\classfile\systemDictionary.cpp, line 256]
Event: 3.928 Thread 0x00000244e4194560 Exception <a 'java/lang/ClassNotFoundException'{0x000000074cad51b8}: org/springframework/context/support/LiveBeansView> (0x000000074cad51b8) 
thrown [e:\jenkins\tmp\workspace\build\src\src\hotspot\share\classfile\systemDictionary.cpp, line 256]
Event: 3.928 Thread 0x00000244e4194560 Exception <a 'java/lang/ClassNotFoundException'{0x000000074cad5560}: org/springframework/context/support/LiveBeansView> (0x000000074cad5560) 
thrown [e:\jenkins\tmp\workspace\build\src\src\hotspot\share\classfile\systemDictionary.cpp, line 256]
Event: 3.928 Thread 0x00000244e4194560 Exception <a 'java/lang/ClassNotFoundException'{0x000000074cb0eb40}: org/springframework/context/support/LiveBeansView> (0x000000074cb0eb40) 
thrown [e:\jenkins\tmp\workspace\build\src\src\hotspot\share\classfile\systemDictionary.cpp, line 256]
Event: 3.928 Thread 0x00000244e4194560 Exception <a 'java/lang/ClassNotFoundException'{0x000000074cb0eee8}: org/springframework/context/support/LiveBeansView> (0x000000074cb0eee8) 
thrown [e:\jenkins\tmp\workspace\build\src\src\hotspot\share\classfile\systemDictionary.cpp, line 256]
Event: 3.928 Thread 0x00000244e4194560 Exception <a 'java/lang/ClassNotFoundException'{0x000000074cb0f2a8}: org/springframework/context/support/LiveBeansView> (0x000000074cb0f2a8) 
thrown [e:\jenkins\tmp\workspace\build\src\src\hotspot\share\classfile\systemDictionary.cpp, line 256]
Event: 3.931 Thread 0x00000244e4194560 Exception <a 'java/lang/ClassNotFoundException'{0x000000074cb582e0}: org/springframework/context/support/LiveBeansView> (0x000000074cb582e0) 
thrown [e:\jenkins\tmp\workspace\build\src\src\hotspot\share\classfile\systemDictionary.cpp, line 256]
Event: 3.931 Thread 0x00000244e4194560 Exception <a 'java/lang/ClassNotFoundException'{0x000000074cb58698}: org/springframework/context/support/LiveBeansView> (0x000000074cb58698) 
thrown [e:\jenkins\tmp\workspace\build\src\src\hotspot\share\classfile\systemDictionary.cpp, line 256]
Event: 3.931 Thread 0x00000244e4194560 Exception <a 'java/lang/ClassNotFoundException'{0x000000074cb58a48}: org/springframework/context/support/LiveBeansView> (0x000000074cb58a48) 
thrown [e:\jenkins\tmp\workspace\build\src\src\hotspot\share\classfile\systemDictionary.cpp, line 256]
Event: 3.931 Thread 0x00000244e4194560 Exception <a 'java/lang/ClassNotFoundException'{0x000000074cb58df8}: org/springframework/context/support/LiveBeansView> (0x000000074cb58df8) 
thrown [e:\jenkins\tmp\workspace\build\src\src\hotspot\share\classfile\systemDictionary.cpp, line 256]
Event: 3.932 Thread 0x00000244e4194560 Exception <a 'java/lang/reflect/InvocationTargetException'{0x000000074cb5c940}> (0x000000074cb5c940) 
thrown [e:\jenkins\tmp\workspace\build\src\src\hotspot\share\runtime\reflection.cpp, line 1121]

VM Operations (20 events):
Event: 3.426 Executing VM operation: ICBufferFull done
Event: 3.482 Executing VM operation: HandshakeAllThreads
Event: 3.482 Executing VM operation: HandshakeAllThreads done
Event: 3.486 Executing VM operation: ICBufferFull
Event: 3.486 Executing VM operation: ICBufferFull done
Event: 3.553 Executing VM operation: HandshakeAllThreads
Event: 3.553 Executing VM operation: HandshakeAllThreads done
Event: 3.573 Executing VM operation: G1CollectForAllocation
Event: 3.580 Executing VM operation: G1CollectForAllocation done
Event: 3.631 Executing VM operation: HandshakeAllThreads
Event: 3.631 Executing VM operation: HandshakeAllThreads done
Event: 3.806 Executing VM operation: ICBufferFull
Event: 3.806 Executing VM operation: ICBufferFull done
Event: 3.844 Executing VM operation: G1CollectForAllocation
Event: 3.851 Executing VM operation: G1CollectForAllocation done
Event: 3.909 Executing VM operation: HandshakeAllThreads
Event: 3.909 Executing VM operation: HandshakeAllThreads done
Event: 3.956 Executing VM operation: ICBufferFull
Event: 3.956 Executing VM operation: ICBufferFull done
Event: 4.088 Executing VM operation: G1CollectForAllocation

Events (20 events):
Event: 3.908 loading class java/lang/InheritableThreadLocal
Event: 3.908 loading class java/lang/InheritableThreadLocal done
Event: 3.910 loading class javax/management/BadStringOperationException
Event: 3.910 loading class javax/management/BadStringOperationException done
Event: 3.910 loading class javax/management/BadBinaryOpValueExpException
Event: 3.910 loading class javax/management/BadBinaryOpValueExpException done
Event: 3.910 loading class javax/management/BadAttributeValueExpException
Event: 3.910 loading class javax/management/BadAttributeValueExpException done
Event: 3.910 loading class javax/management/InvalidApplicationException
Event: 3.910 loading class javax/management/InvalidApplicationException done
Event: 3.910 loading class javax/management/InstanceOfQueryExp
Event: 3.910 loading class javax/management/InstanceOfQueryExp done
Event: 3.910 loading class javax/management/StringValueExp
Event: 3.910 loading class javax/management/ValueExp
Event: 3.911 loading class javax/management/ValueExp done
Event: 3.911 loading class javax/management/StringValueExp done
Event: 3.925 loading class javax/management/remote/rmi/RMIConnector$Util
Event: 3.925 loading class javax/management/remote/rmi/RMIConnector$Util done
Event: 3.932 loading class javax/management/remote/rmi/RMIConnectionImpl$6
Event: 3.932 loading class javax/management/remote/rmi/RMIConnectionImpl$6 done


Dynamic libraries:
0x00007ff623d80000 - 0x00007ff623d8e000 	D:\Downloads\sts-4.13.0.RELEASE\plugins\org.eclipse.justj.openjdk.hotspot.jre.full.win32.x86_64_17.0.1.v20211116-1657\jre\bin\java.exe
0x00007fffcfb50000 - 0x00007fffcfd45000 	C:\WINDOWS\SYSTEM32\ntdll.dll
0x00007fff95e90000 - 0x00007fff95ea6000 	D:\Program Files\AVAST Software\Avast\aswhook.dll
0x00007fffcf0a0000 - 0x00007fffcf15e000 	C:\WINDOWS\System32\KERNEL32.DLL
0x00007fffcd4c0000 - 0x00007fffcd789000 	C:\WINDOWS\System32\KERNELBASE.dll
0x00007fffcda50000 - 0x00007fffcdb50000 	C:\WINDOWS\System32\ucrtbase.dll
0x00007fffa7790000 - 0x00007fffa77a8000 	D:\Downloads\sts-4.13.0.RELEASE\plugins\org.eclipse.justj.openjdk.hotspot.jre.full.win32.x86_64_17.0.1.v20211116-1657\jre\bin\jli.dll
0x00007fffb16e0000 - 0x00007fffb16f9000 	D:\Downloads\sts-4.13.0.RELEASE\plugins\org.eclipse.justj.openjdk.hotspot.jre.full.win32.x86_64_17.0.1.v20211116-1657\jre\bin\VCRUNTIME140.dll
0x00007fffcdcf0000 - 0x00007fffcde91000 	C:\WINDOWS\System32\USER32.dll
0x00007fffb8a10000 - 0x00007fffb8caa000 	C:\WINDOWS\WinSxS\amd64_microsoft.windows.common-controls_6595b64144ccf1df_6.0.19041.1110_none_60b5254171f9507e\COMCTL32.dll
0x00007fffcd490000 - 0x00007fffcd4b2000 	C:\WINDOWS\System32\win32u.dll
0x00007fffcf380000 - 0x00007fffcf41e000 	C:\WINDOWS\System32\msvcrt.dll
0x00007fffce820000 - 0x00007fffce84b000 	C:\WINDOWS\System32\GDI32.dll
0x00007fffcd270000 - 0x00007fffcd37b000 	C:\WINDOWS\System32\gdi32full.dll
0x00007fffcd9b0000 - 0x00007fffcda4d000 	C:\WINDOWS\System32\msvcp_win.dll
0x00007fffce640000 - 0x00007fffce670000 	C:\WINDOWS\System32\IMM32.DLL
0x00007fffc59b0000 - 0x00007fffc59bc000 	D:\Downloads\sts-4.13.0.RELEASE\plugins\org.eclipse.justj.openjdk.hotspot.jre.full.win32.x86_64_17.0.1.v20211116-1657\jre\bin\vcruntime140_1.dll
0x00007fffa76f0000 - 0x00007fffa7781000 	D:\Downloads\sts-4.13.0.RELEASE\plugins\org.eclipse.justj.openjdk.hotspot.jre.full.win32.x86_64_17.0.1.v20211116-1657\jre\bin\msvcp140.dll
0x00007fff54ec0000 - 0x00007fff55b06000 	D:\Downloads\sts-4.13.0.RELEASE\plugins\org.eclipse.justj.openjdk.hotspot.jre.full.win32.x86_64_17.0.1.v20211116-1657\jre\bin\server\jvm.dll
0x00007fffce410000 - 0x00007fffce4bc000 	C:\WINDOWS\System32\ADVAPI32.dll
0x00007fffce4c0000 - 0x00007fffce55b000 	C:\WINDOWS\System32\sechost.dll
0x00007fffcdba0000 - 0x00007fffcdcca000 	C:\WINDOWS\System32\RPCRT4.dll
0x00007fffcf970000 - 0x00007fffcf978000 	C:\WINDOWS\System32\PSAPI.DLL
0x00007fffbb5e0000 - 0x00007fffbb607000 	C:\WINDOWS\SYSTEM32\WINMM.dll
0x00007fffc6ae0000 - 0x00007fffc6aea000 	C:\WINDOWS\SYSTEM32\VERSION.dll
0x00007fffbc9d0000 - 0x00007fffbc9d9000 	C:\WINDOWS\SYSTEM32\WSOCK32.dll
0x00007fffcf290000 - 0x00007fffcf2fb000 	C:\WINDOWS\System32\WS2_32.dll
0x00007fffcb120000 - 0x00007fffcb132000 	C:\WINDOWS\SYSTEM32\kernel.appcore.dll
0x00007fffb5bd0000 - 0x00007fffb5bda000 	D:\Downloads\sts-4.13.0.RELEASE\plugins\org.eclipse.justj.openjdk.hotspot.jre.full.win32.x86_64_17.0.1.v20211116-1657\jre\bin\jimage.dll
0x00007fffc34a0000 - 0x00007fffc3684000 	C:\WINDOWS\SYSTEM32\DBGHELP.DLL
0x00007fffc3320000 - 0x00007fffc334c000 	C:\WINDOWS\SYSTEM32\dbgcore.DLL
0x00007fffcd790000 - 0x00007fffcd813000 	C:\WINDOWS\System32\bcryptPrimitives.dll
0x00007fffa76c0000 - 0x00007fffa76e5000 	D:\Downloads\sts-4.13.0.RELEASE\plugins\org.eclipse.justj.openjdk.hotspot.jre.full.win32.x86_64_17.0.1.v20211116-1657\jre\bin\java.dll
0x00007fffa76a0000 - 0x00007fffa76b8000 	D:\Downloads\sts-4.13.0.RELEASE\plugins\org.eclipse.justj.openjdk.hotspot.jre.full.win32.x86_64_17.0.1.v20211116-1657\jre\bin\zip.dll
0x00007fffce850000 - 0x00007fffcef8f000 	C:\WINDOWS\System32\SHELL32.dll
0x00007fffcb330000 - 0x00007fffcbac0000 	C:\WINDOWS\SYSTEM32\windows.storage.dll
0x00007fffcf5b0000 - 0x00007fffcf905000 	C:\WINDOWS\System32\combase.dll
0x00007fffcccc0000 - 0x00007fffcccec000 	C:\WINDOWS\SYSTEM32\Wldp.dll
0x00007fffcef90000 - 0x00007fffcf03e000 	C:\WINDOWS\System32\SHCORE.dll
0x00007fffcf910000 - 0x00007fffcf965000 	C:\WINDOWS\System32\shlwapi.dll
0x00007fffcd1b0000 - 0x00007fffcd1cf000 	C:\WINDOWS\SYSTEM32\profapi.dll
0x00007fffa7680000 - 0x00007fffa7699000 	D:\Downloads\sts-4.13.0.RELEASE\plugins\org.eclipse.justj.openjdk.hotspot.jre.full.win32.x86_64_17.0.1.v20211116-1657\jre\bin\net.dll
0x00007fffbd2e0000 - 0x00007fffbd3e8000 	C:\WINDOWS\SYSTEM32\WINHTTP.dll
0x00007fffcc9d0000 - 0x00007fffcca3a000 	C:\WINDOWS\system32\mswsock.dll
0x00007fffa7660000 - 0x00007fffa7675000 	D:\Downloads\sts-4.13.0.RELEASE\plugins\org.eclipse.justj.openjdk.hotspot.jre.full.win32.x86_64_17.0.1.v20211116-1657\jre\bin\nio.dll
0x00007fffb3e10000 - 0x00007fffb3e19000 	D:\Downloads\sts-4.13.0.RELEASE\plugins\org.eclipse.justj.openjdk.hotspot.jre.full.win32.x86_64_17.0.1.v20211116-1657\jre\bin\management.dll
0x00007fffb35b0000 - 0x00007fffb35bb000 	D:\Downloads\sts-4.13.0.RELEASE\plugins\org.eclipse.justj.openjdk.hotspot.jre.full.win32.x86_64_17.0.1.v20211116-1657\jre\bin\management_ext.dll
0x00007fffa7a50000 - 0x00007fffa7a67000 	C:\WINDOWS\system32\napinsp.dll
0x00007fffa7a30000 - 0x00007fffa7a4b000 	C:\WINDOWS\system32\pnrpnsp.dll
0x00007fffa7a10000 - 0x00007fffa7a25000 	C:\WINDOWS\system32\wshbth.dll
0x00007fffc8c40000 - 0x00007fffc8c5d000 	C:\WINDOWS\system32\NLAapi.dll
0x00007fffcc680000 - 0x00007fffcc6bb000 	C:\WINDOWS\SYSTEM32\IPHLPAPI.DLL
0x00007fffcc6d0000 - 0x00007fffcc79c000 	C:\WINDOWS\SYSTEM32\DNSAPI.dll
0x00007fffcf980000 - 0x00007fffcf988000 	C:\WINDOWS\System32\NSI.dll
0x00007fffa79f0000 - 0x00007fffa7a02000 	C:\WINDOWS\System32\winrnr.dll
0x00007fffbac70000 - 0x00007fffbac7a000 	C:\Windows\System32\rasadhlp.dll
0x00007fffbc3c0000 - 0x00007fffbc43f000 	C:\WINDOWS\System32\fwpuclnt.dll
0x00007fffcd980000 - 0x00007fffcd9a7000 	C:\WINDOWS\System32\bcrypt.dll
0x00007fffccbb0000 - 0x00007fffccbc8000 	C:\WINDOWS\SYSTEM32\CRYPTSP.dll
0x00007fffcc2f0000 - 0x00007fffcc324000 	C:\WINDOWS\system32\rsaenh.dll
0x00007fffcd170000 - 0x00007fffcd19e000 	C:\WINDOWS\SYSTEM32\USERENV.dll
0x00007fffccbd0000 - 0x00007fffccbdc000 	C:\WINDOWS\SYSTEM32\CRYPTBASE.dll
0x00007fffc5d50000 - 0x00007fffc5d67000 	C:\WINDOWS\SYSTEM32\dhcpcsvc6.DLL
0x00007fffc6930000 - 0x00007fffc694d000 	C:\WINDOWS\SYSTEM32\dhcpcsvc.DLL
0x00007fffb1560000 - 0x00007fffb1570000 	D:\Downloads\sts-4.13.0.RELEASE\plugins\org.eclipse.justj.openjdk.hotspot.jre.full.win32.x86_64_17.0.1.v20211116-1657\jre\bin\verify.dll

dbghelp: loaded successfully - version: 4.0.5 - missing functions: none
symbol engine: initialized successfully - sym options: 0x614 - pdb path: .;D:\Downloads\sts-4.13.0.RELEASE\plugins\org.eclipse.justj.openjdk.hotspot.jre.full.win32.x86_64_17.0.1.v20211116-1657\jre\bin;C:\WINDOWS\SYSTEM32;D:\Program Files\AVAST Software\Avast;C:\WINDOWS\WinSxS\amd64_microsoft.windows.common-controls_6595b64144ccf1df_6.0.19041.1110_none_60b5254171f9507e;D:\Downloads\sts-4.13.0.RELEASE\plugins\org.eclipse.justj.openjdk.hotspot.jre.full.win32.x86_64_17.0.1.v20211116-1657\jre\bin\server

VM Arguments:
jvm_args: -Dcom.sun.management.jmxremote -Dcom.sun.management.jmxremote.port=60620 -Dcom.sun.management.jmxremote.authenticate=false -Dcom.sun.management.jmxremote.ssl=false -Djava.rmi.server.hostname=localhost -Dspring.jmx.enabled=true -Dspring.application.admin.enabled=true -XX:TieredStopAtLevel=1 -Dspring.boot.project.name=ConfigClient -Dfile.encoding=UTF-8 -XX:+ShowCodeDetailsInExceptionMessages 
java_command: com.example.demo.ConfigClientApplication --spring.profiles.active=test --spring.output.ansi.enabled=always
java_class_path (initial): D:\Desktop\My Projects\SpringBoot\ConfigClient\target\classes;C:\Users\Mohamed\.m2\repository\org\springframework\boot\spring-boot-starter-actuator\2.6.3\spring-boot-starter-actuator-2.6.3.jar;C:\Users\Mohamed\.m2\repository\org\springframework\boot\spring-boot-starter\2.6.3\spring-boot-starter-2.6.3.jar;C:\Users\Mohamed\.m2\repository\org\springframework\boot\spring-boot\2.6.3\spring-boot-2.6.3.jar;C:\Users\Mohamed\.m2\repository\org\springframework\boot\spring-boot-autoconfigure\2.6.3\spring-boot-autoconfigure-2.6.3.jar;C:\Users\Mohamed\.m2\repository\org\springframework\boot\spring-boot-starter-logging\2.6.3\spring-boot-starter-logging-2.6.3.jar;C:\Users\Mohamed\.m2\repository\ch\qos\logback\logback-classic\1.2.10\logback-classic-1.2.10.jar;C:\Users\Mohamed\.m2\repository\ch\qos\logback\logback-core\1.2.10\logback-core-1.2.10.jar;C:\Users\Mohamed\.m2\repository\org\apache\logging\log4j\log4j-to-slf4j\2.17.1\log4j-to-slf4j-2.17.1.jar;C:\Users\Mohamed\.m2\repository\org\apache\logging\log4j\log4j-api\2.17.1\log4j-api-2.17.1.jar;C:\Users\Mohamed\.m2\repository\org\slf4j\jul-to-slf4j\1.7.33\jul-to-slf4j-1.7.33.jar;C:\Users\Mohamed\.m2\repository\jakarta\annotation\jakarta.annotation-api\1.3.5\jakarta.annotation-api-1.3.5.jar;C:\Users\Mohamed\.m2\repository\org\yaml\snakeyaml\1.29\snakeyaml-1.29.jar;C:\Users\Mohamed\.m2\repository\org\springframework\boot\spring-boot-actuator-autoconfigure\2.6.3\spring-boot-actuator-autoconfigure-2.6.3.jar;C:\Users\Mohamed\.m2\repository\org\springframework\boot\spring-boot-actuator\2.6.3\spring-boot-actuator-2.6.3.jar;C:\Users\Mohamed\.m2\repository\com\fasterxml\jackson\datatype\jackson-datatype-jsr310\2.13.1\jackson-datatype-jsr310-2.13.1.jar;C:\Users\Mohamed\.m2\repository\io\micrometer\micrometer-core\1.8.2\micrometer-core-1.8.2.jar;C:\Users\Mohamed\.m2\repository\org\hdrhistogram\HdrHistogram\2.1.12\HdrHistogram-2.1.12.jar;C:\Users\Mohamed\.m2\repository\org\latencyutils\LatencyUtils\2.0.3\LatencyUti
Launcher Type: SUN_STANDARD

[Global flags]
     intx CICompilerCount                          = 4                                         {product} {ergonomic}
     uint ConcGCThreads                            = 2                                         {product} {ergonomic}
     uint G1ConcRefinementThreads                  = 8                                         {product} {ergonomic}
   size_t G1HeapRegionSize                         = 2097152                                   {product} {ergonomic}
    uintx GCDrainStackTargetSize                   = 64                                        {product} {ergonomic}
   size_t InitialHeapSize                          = 201326592                                 {product} {ergonomic}
     bool ManagementServer                         = true                                      {product} {command line}
   size_t MarkStackSize                            = 4194304                                   {product} {ergonomic}
   size_t MaxHeapSize                              = 3191865344                                {product} {ergonomic}
   size_t MaxNewSize                               = 1914699776                                {product} {ergonomic}
   size_t MinHeapDeltaBytes                        = 2097152                                   {product} {ergonomic}
   size_t MinHeapSize                              = 8388608                                   {product} {ergonomic}
    uintx NonProfiledCodeHeapSize                  = 0                                      {pd product} {ergonomic}
     bool ProfileInterpreter                       = false                                  {pd product} {command line}
    uintx ProfiledCodeHeapSize                     = 0                                      {pd product} {ergonomic}
     bool ShowCodeDetailsInExceptionMessages       = true                                   {manageable} {command line}
   size_t SoftMaxHeapSize                          = 3191865344                             {manageable} {ergonomic}
     intx TieredStopAtLevel                        = 1                                         {product} {command line}
     bool UseCompressedClassPointers               = true                           {product lp64_product} {ergonomic}
     bool UseCompressedOops                        = true                           {product lp64_product} {ergonomic}
     bool UseG1GC                                  = true                                      {product} {ergonomic}
     bool UseLargePagesIndividualAllocation        = false                                  {pd product} {ergonomic}

Logging:
Log output configuration:
 #0: stdout all=warning uptime,level,tags
 #1: stderr all=off uptime,level,tags

Environment Variables:
JAVA_HOME=D:\Program Files\Java\jdk-17.0.2
PATH=C:\Program Files\Common Files\Oracle\Java\javapath;C:\oraclexe\app\oracle\product\10.2.0\server\bin;D:\ProgramData\Oracle\21c\dbhomeXE\bin;C:\Program Files (x86)\Intel\iCLS Client\;C:\Program Files\Intel\iCLS Client\;C:\Windows\system32;C:\Windows;C:\Windows\System32\Wbem;C:\Windows\System32\WindowsPowerShell\v1.0\;C:\Windows\System32\OpenSSH\;D:\Program Files\Java\jdk-17.0.2\bin;D:\Program Files\Intel\Intel(R) Management Engine Components\DAL;C:\Program Files\Intel\Intel(R) Management Engine Components\DAL;D:\Program Files\Intel\Intel(R) Management Engine Components\IPT;C:\Program Files\Intel\Intel(R) Management Engine Components\IPT;C:\WINDOWS\system32;C:\WINDOWS;C:\WINDOWS\System32\Wbem;C:\WINDOWS\System32\WindowsPowerShell\v1.0\;C:\WINDOWS\System32\OpenSSH\;C:\Program Files\NVIDIA Corporation\NVIDIA NvDLISR;C:\Program Files\dotnet\;C:\MinGW\bin;D:\Program Files (x86)\flutter\bin;C:\Users\Mohamed\AppData\Roaming\nvm;C:\Program Files\nodejs;C:\Program Files (x86)\NVIDIA Corporation\PhysX\Common;D:\Program Files\Git\cmd;;C:\Program Files\Docker\Docker\resources\bin;C:\ProgramData\DockerDesktop\version-bin;D:\Program Files (x86)\Python\Scripts\;D:\Program Files (x86)\Python\;C:\Users\Mohamed\AppData\Local\Microsoft\WindowsApps;D:\Program Files (x86)\Microsoft Visual Studio\Shared\Python36_64;D:\Program Files (x86)\Microsoft Visual Studio\Shared\Python36_64\Scripts;D:\Program Files (x86)\Microsoft Visual Studio\Microsoft VS Code\bin;C:\Users\Mohamed\AppData\Roaming\npm;D:\Program Files\FFmpeg\bin;C:\Users\Mohamed\.dotnet\tools;D:\Flex Windows\Lex\bin;D:\Flex Windows\bison\bin;D:\Program Files (x86)\flutter\bin;C:\Users\Mohamed\AppData\Roaming\nvm;C:\Program Files\nodejs;C:\Users\Mohamed\.dotnet\tools;D:\Program Files\JetBrains\IntelliJ IDEA Community Edition 2021.3.1\bin;;D:\Desktop\Useful Programs\apache-maven-3.8.4\bin;D:\Program Files\OpenCV\OpenCV-MinGW-Build\x64\mingw\bin;D:\Program Files\Tesseract-OCR;D:\Program Files\Gitlab-Runner;
USERNAME=Mohamed
OS=Windows_NT
PROCESSOR_IDENTIFIER=Intel64 Family 6 Model 158 Stepping 9, GenuineIntel



---------------  S Y S T E M  ---------------

OS:
 Windows 10 , 64 bit Build 19041 (10.0.19041.1202)
OS uptime: 0 days 4:25 hours
Hyper-V role detected

CPU: total 8 (initial active 8) (4 cores per cpu, 2 threads per core) family 6 model 158 stepping 9 microcode 0xb4, cx8, cmov, fxsr, ht, mmx, 3dnowpref, sse, sse2, sse3, ssse3, sse4.1, sse4.2, popcnt, lzcnt, tsc, tscinvbit, avx, avx2, aes, erms, clmul, bmi1, bmi2, adx, fma, vzeroupper, clflush, clflushopt, hv

Memory: 4k page, system-wide physical 12171M (2070M free)
TotalPageFile size 16171M (AvailPageFile size 36M)
current process WorkingSet (physical memory assigned to process): 128M, peak: 128M
current process commit charge ("private bytes"): 163M, peak: 300M

vm_info: OpenJDK 64-Bit Server VM (17.0.1+12) for windows-amd64 JRE (17.0.1+12), built on Oct 20 2021 07:42:55 by "" with MS VC++ 16.7 (VS2019)

END.
