#
# There is insufficient memory for the Java Runtime Environment to continue.
# Native memory allocation (mmap) failed to map 201326592 bytes for G1 virtual space
# Possible reasons:
#   The system is out of physical RAM or swap space
#   The process is running with CompressedOops enabled, and the Java Heap may be blocking the growth of the native heap
# Possible solutions:
#   Reduce memory load on the system
#   Increase physical memory or swap space
#   Check if swap backing store is full
#   Decrease Java heap size (-Xmx/-Xms)
#   Decrease number of Java threads
#   Decrease Java thread stack sizes (-Xss)
#   Set larger code cache with -XX:ReservedCodeCacheSize=
#   JVM is running with Zero Based Compressed Oops mode in which the Java heap is
#     placed in the first 32GB address space. The Java Heap base address is the
#     maximum limit for the native heap growth. Please use -XX:HeapBaseMinAddress
#     to set the Java Heap base and to place the Java Heap above 32GB virtual address.
# This output file may be truncated or incomplete.
#
#  Out of Memory Error (os_windows.cpp:3469), pid=2288, tid=15920
#
# JRE version:  (17.0.1+12) (build )
# Java VM: OpenJDK 64-Bit Server VM (17.0.1+12, mixed mode, emulated-client, sharing, tiered, compressed oops, compressed class ptrs, g1 gc, windows-amd64)
# No core dump will be written. Minidumps are not enabled by default on client versions of Windows
#

---------------  S U M M A R Y ------------

Command Line: -Dcom.sun.management.jmxremote -Dcom.sun.management.jmxremote.port=60674 -Dcom.sun.management.jmxremote.authenticate=false -Dcom.sun.management.jmxremote.ssl=false -Djava.rmi.server.hostname=localhost -Dspring.jmx.enabled=true -Dspring.application.admin.enabled=true -XX:TieredStopAtLevel=1 -Dspring.boot.project.name=AdminServer -Dfile.encoding=UTF-8 -XX:+ShowCodeDetailsInExceptionMessages com.example.demo.AdminServerApplication --spring.output.ansi.enabled=always

Host: Intel(R) Core(TM) i7-7700HQ CPU @ 2.80GHz, 8 cores, 11G,  Windows 10 , 64 bit Build 19041 (10.0.19041.1202)
Time: Wed Apr 20 15:59:27 2022 W. Central Africa Standard Time elapsed time: 0.020554 seconds (0d 0h 0m 0s)

---------------  T H R E A D  ---------------

Current thread (0x000001bbdd9f3cc0):  JavaThread "Unknown thread" [_thread_in_vm, id=15920, stack(0x0000000a9bb00000,0x0000000a9bc00000)]

Stack: [0x0000000a9bb00000,0x0000000a9bc00000]
Native frames: (J=compiled Java code, j=interpreted, Vv=VM code, C=native code)
V  [jvm.dll+0x6744da]
V  [jvm.dll+0x82e144]
V  [jvm.dll+0x82f8ee]
V  [jvm.dll+0x82ff53]
V  [jvm.dll+0x245175]
V  [jvm.dll+0x6714c9]
V  [jvm.dll+0x665f92]
V  [jvm.dll+0x303c3b]
V  [jvm.dll+0x30b176]
V  [jvm.dll+0x35af1e]
V  [jvm.dll+0x35b14f]
V  [jvm.dll+0x2dab78]
V  [jvm.dll+0x2dbae4]
V  [jvm.dll+0x7ffdf1]
V  [jvm.dll+0x368c91]
V  [jvm.dll+0x7df2cc]
V  [jvm.dll+0x3eb59f]
V  [jvm.dll+0x3ed121]
C  [jli.dll+0x5277]
C  [ucrtbase.dll+0x21bb2]
C  [KERNEL32.DLL+0x17034]
C  [ntdll.dll+0x52651]


---------------  P R O C E S S  ---------------

Threads class SMR info:
_java_thread_list=0x00007fff559d4e58, length=0, elements={
}

Java Threads: ( => current thread )

Other Threads:
  0x000001bbdda38150 GCTaskThread "GC Thread#0" [stack: 0x0000000a9bc00000,0x0000000a9bd00000] [id=4852]
  0x000001bbdda44fa0 ConcurrentGCThread "G1 Main Marker" [stack: 0x0000000a9bd00000,0x0000000a9be00000] [id=7428]
  0x000001bbdda46150 ConcurrentGCThread "G1 Conc#0" [stack: 0x0000000a9be00000,0x0000000a9bf00000] [id=11440]

[error occurred during error reporting (printing all threads), id 0xc0000005, EXCEPTION_ACCESS_VIOLATION (0xc0000005) at pc=0x00007fff551ab5f7]

VM state: not at safepoint (not fully initialized)

VM Mutex/Monitor currently owned by a thread:  ([mutex/lock_event])
[0x000001bbdd9ef810] Heap_lock - owner thread: 0x000001bbdd9f3cc0

Heap address: 0x0000000741c00000, size: 3044 MB, Compressed Oops mode: Zero based, Oop shift amount: 3

CDS archive(s) mapped at: [0x0000000000000000-0x0000000000000000-0x0000000000000000), size 0, SharedBaseAddress: 0x0000000800000000, ArchiveRelocationMode: 0.
Narrow klass base: 0x0000000000000000, Narrow klass shift: 0, Narrow klass range: 0x0

GC Precious Log:
<Empty>

Heap:
 garbage-first heap   total 0K, used 0K [0x0000000741c00000, 0x0000000800000000)
  region size 2048K, 0 young (0K), 0 survivors (0K)

[error occurred during error reporting (printing heap information), id 0xc0000005, EXCEPTION_ACCESS_VIOLATION (0xc0000005) at pc=0x00007fff5558d729]

GC Heap History (0 events):
No events

Deoptimization events (0 events):
No events

Classes unloaded (0 events):
No events

Classes redefined (0 events):
No events

Internal exceptions (0 events):
No events

VM Operations (0 events):
No events

Events (1 events):
Event: 0.007 Loaded shared library D:\Downloads\sts-4.13.0.RELEASE\plugins\org.eclipse.justj.openjdk.hotspot.jre.full.win32.x86_64_17.0.1.v20211116-1657\jre\bin\java.dll


Dynamic libraries:
0x00007ff623d80000 - 0x00007ff623d8e000 	D:\Downloads\sts-4.13.0.RELEASE\plugins\org.eclipse.justj.openjdk.hotspot.jre.full.win32.x86_64_17.0.1.v20211116-1657\jre\bin\java.exe
0x00007fffcfb50000 - 0x00007fffcfd45000 	C:\WINDOWS\SYSTEM32\ntdll.dll
0x00007fff95e90000 - 0x00007fff95ea6000 	D:\Program Files\AVAST Software\Avast\aswhook.dll
0x00007fffcf0a0000 - 0x00007fffcf15e000 	C:\WINDOWS\System32\KERNEL32.DLL
0x00007fffcd4c0000 - 0x00007fffcd789000 	C:\WINDOWS\System32\KERNELBASE.dll
0x00007fffcda50000 - 0x00007fffcdb50000 	C:\WINDOWS\System32\ucrtbase.dll
0x00007fffa7790000 - 0x00007fffa77a8000 	D:\Downloads\sts-4.13.0.RELEASE\plugins\org.eclipse.justj.openjdk.hotspot.jre.full.win32.x86_64_17.0.1.v20211116-1657\jre\bin\jli.dll
0x00007fffb16e0000 - 0x00007fffb16f9000 	D:\Downloads\sts-4.13.0.RELEASE\plugins\org.eclipse.justj.openjdk.hotspot.jre.full.win32.x86_64_17.0.1.v20211116-1657\jre\bin\VCRUNTIME140.dll
0x00007fffcdcf0000 - 0x00007fffcde91000 	C:\WINDOWS\System32\USER32.dll
0x00007fffcd490000 - 0x00007fffcd4b2000 	C:\WINDOWS\System32\win32u.dll
0x00007fffb8a10000 - 0x00007fffb8caa000 	C:\WINDOWS\WinSxS\amd64_microsoft.windows.common-controls_6595b64144ccf1df_6.0.19041.1110_none_60b5254171f9507e\COMCTL32.dll
0x00007fffce820000 - 0x00007fffce84b000 	C:\WINDOWS\System32\GDI32.dll
0x00007fffcf380000 - 0x00007fffcf41e000 	C:\WINDOWS\System32\msvcrt.dll
0x00007fffcd270000 - 0x00007fffcd37b000 	C:\WINDOWS\System32\gdi32full.dll
0x00007fffcd9b0000 - 0x00007fffcda4d000 	C:\WINDOWS\System32\msvcp_win.dll
0x00007fffce640000 - 0x00007fffce670000 	C:\WINDOWS\System32\IMM32.DLL
0x00007fffc59b0000 - 0x00007fffc59bc000 	D:\Downloads\sts-4.13.0.RELEASE\plugins\org.eclipse.justj.openjdk.hotspot.jre.full.win32.x86_64_17.0.1.v20211116-1657\jre\bin\vcruntime140_1.dll
0x00007fffa76f0000 - 0x00007fffa7781000 	D:\Downloads\sts-4.13.0.RELEASE\plugins\org.eclipse.justj.openjdk.hotspot.jre.full.win32.x86_64_17.0.1.v20211116-1657\jre\bin\msvcp140.dll
0x00007fff54ec0000 - 0x00007fff55b06000 	D:\Downloads\sts-4.13.0.RELEASE\plugins\org.eclipse.justj.openjdk.hotspot.jre.full.win32.x86_64_17.0.1.v20211116-1657\jre\bin\server\jvm.dll
0x00007fffce410000 - 0x00007fffce4bc000 	C:\WINDOWS\System32\ADVAPI32.dll
0x00007fffce4c0000 - 0x00007fffce55b000 	C:\WINDOWS\System32\sechost.dll
0x00007fffcdba0000 - 0x00007fffcdcca000 	C:\WINDOWS\System32\RPCRT4.dll
0x00007fffcf970000 - 0x00007fffcf978000 	C:\WINDOWS\System32\PSAPI.DLL
0x00007fffbc9d0000 - 0x00007fffbc9d9000 	C:\WINDOWS\SYSTEM32\WSOCK32.dll
0x00007fffc6ae0000 - 0x00007fffc6aea000 	C:\WINDOWS\SYSTEM32\VERSION.dll
0x00007fffbb5e0000 - 0x00007fffbb607000 	C:\WINDOWS\SYSTEM32\WINMM.dll
0x00007fffcf290000 - 0x00007fffcf2fb000 	C:\WINDOWS\System32\WS2_32.dll
0x00007fffcb120000 - 0x00007fffcb132000 	C:\WINDOWS\SYSTEM32\kernel.appcore.dll
0x00007fffb5bd0000 - 0x00007fffb5bda000 	D:\Downloads\sts-4.13.0.RELEASE\plugins\org.eclipse.justj.openjdk.hotspot.jre.full.win32.x86_64_17.0.1.v20211116-1657\jre\bin\jimage.dll
0x00007fffc34a0000 - 0x00007fffc3684000 	C:\WINDOWS\SYSTEM32\DBGHELP.DLL
0x00007fffc3320000 - 0x00007fffc334c000 	C:\WINDOWS\SYSTEM32\dbgcore.DLL
0x00007fffcd790000 - 0x00007fffcd813000 	C:\WINDOWS\System32\bcryptPrimitives.dll
0x00007fffa76c0000 - 0x00007fffa76e5000 	D:\Downloads\sts-4.13.0.RELEASE\plugins\org.eclipse.justj.openjdk.hotspot.jre.full.win32.x86_64_17.0.1.v20211116-1657\jre\bin\java.dll

dbghelp: loaded successfully - version: 4.0.5 - missing functions: none
symbol engine: initialized successfully - sym options: 0x614 - pdb path: .;D:\Downloads\sts-4.13.0.RELEASE\plugins\org.eclipse.justj.openjdk.hotspot.jre.full.win32.x86_64_17.0.1.v20211116-1657\jre\bin;C:\WINDOWS\SYSTEM32;D:\Program Files\AVAST Software\Avast;C:\WINDOWS\WinSxS\amd64_microsoft.windows.common-controls_6595b64144ccf1df_6.0.19041.1110_none_60b5254171f9507e;D:\Downloads\sts-4.13.0.RELEASE\plugins\org.eclipse.justj.openjdk.hotspot.jre.full.win32.x86_64_17.0.1.v20211116-1657\jre\bin\server

VM Arguments:
jvm_args: -Dcom.sun.management.jmxremote -Dcom.sun.management.jmxremote.port=60674 -Dcom.sun.management.jmxremote.authenticate=false -Dcom.sun.management.jmxremote.ssl=false -Djava.rmi.server.hostname=localhost -Dspring.jmx.enabled=true -Dspring.application.admin.enabled=true -XX:TieredStopAtLevel=1 -Dspring.boot.project.name=AdminServer -Dfile.encoding=UTF-8 -XX:+ShowCodeDetailsInExceptionMessages 
java_command: com.example.demo.AdminServerApplication --spring.output.ansi.enabled=always
java_class_path (initial): D:\Desktop\My Projects\SpringBoot\AdminServer\target\classes;C:\Users\Mohamed\.m2\repository\de\codecentric\spring-boot-admin-starter-server\2.6.2\spring-boot-admin-starter-server-2.6.2.jar;C:\Users\Mohamed\.m2\repository\de\codecentric\spring-boot-admin-server\2.6.2\spring-boot-admin-server-2.6.2.jar;C:\Users\Mohamed\.m2\repository\org\springframework\boot\spring-boot-starter-webflux\2.6.4\spring-boot-starter-webflux-2.6.4.jar;C:\Users\Mohamed\.m2\repository\org\springframework\boot\spring-boot-starter-json\2.6.4\spring-boot-starter-json-2.6.4.jar;C:\Users\Mohamed\.m2\repository\com\fasterxml\jackson\datatype\jackson-datatype-jdk8\2.13.1\jackson-datatype-jdk8-2.13.1.jar;C:\Users\Mohamed\.m2\repository\com\fasterxml\jackson\datatype\jackson-datatype-jsr310\2.13.1\jackson-datatype-jsr310-2.13.1.jar;C:\Users\Mohamed\.m2\repository\com\fasterxml\jackson\module\jackson-module-parameter-names\2.13.1\jackson-module-parameter-names-2.13.1.jar;C:\Users\Mohamed\.m2\repository\org\springframework\boot\spring-boot-starter-reactor-netty\2.6.4\spring-boot-starter-reactor-netty-2.6.4.jar;C:\Users\Mohamed\.m2\repository\io\projectreactor\netty\reactor-netty-http\1.0.16\reactor-netty-http-1.0.16.jar;C:\Users\Mohamed\.m2\repository\io\netty\netty-codec-http\4.1.74.Final\netty-codec-http-4.1.74.Final.jar;C:\Users\Mohamed\.m2\repository\io\netty\netty-common\4.1.74.Final\netty-common-4.1.74.Final.jar;C:\Users\Mohamed\.m2\repository\io\netty\netty-buffer\4.1.74.Final\netty-buffer-4.1.74.Final.jar;C:\Users\Mohamed\.m2\repository\io\netty\netty-transport\4.1.74.Final\netty-transport-4.1.74.Final.jar;C:\Users\Mohamed\.m2\repository\io\netty\netty-codec\4.1.74.Final\netty-codec-4.1.74.Final.jar;C:\Users\Mohamed\.m2\repository\io\netty\netty-handler\4.1.74.Final\netty-handler-4.1.74.Final.jar;C:\Users\Mohamed\.m2\repository\io\netty\netty-tcnative-classes\2.0.48.Final\netty-tcnative-classes-2.0.48.Final.jar;C:\Users\Mohamed\.m2\repository\io\netty\netty-codec-ht
Launcher Type: SUN_STANDARD

[Global flags]
     intx CICompilerCount                          = 4                                         {product} {ergonomic}
     uint ConcGCThreads                            = 2                                         {product} {ergonomic}
     uint G1ConcRefinementThreads                  = 8                                         {product} {ergonomic}
   size_t G1HeapRegionSize                         = 2097152                                   {product} {ergonomic}
    uintx GCDrainStackTargetSize                   = 64                                        {product} {ergonomic}
   size_t InitialHeapSize                          = 201326592                                 {product} {ergonomic}
     bool ManagementServer                         = true                                      {product} {command line}
   size_t MarkStackSize                            = 4194304                                   {product} {ergonomic}
   size_t MaxHeapSize                              = 3191865344                                {product} {ergonomic}
   size_t MinHeapDeltaBytes                        = 2097152                                   {product} {ergonomic}
   size_t MinHeapSize                              = 8388608                                   {product} {ergonomic}
    uintx NonProfiledCodeHeapSize                  = 0                                      {pd product} {ergonomic}
     bool ProfileInterpreter                       = false                                  {pd product} {command line}
    uintx ProfiledCodeHeapSize                     = 0                                      {pd product} {ergonomic}
     bool ShowCodeDetailsInExceptionMessages       = true                                   {manageable} {command line}
   size_t SoftMaxHeapSize                          = 3191865344                             {manageable} {ergonomic}
     intx TieredStopAtLevel                        = 1                                         {product} {command line}
     bool UseCompressedClassPointers               = true                           {product lp64_product} {ergonomic}
     bool UseCompressedOops                        = true                           {product lp64_product} {ergonomic}
     bool UseG1GC                                  = true                                      {product} {ergonomic}
     bool UseLargePagesIndividualAllocation        = false                                  {pd product} {ergonomic}

Logging:
Log output configuration:
 #0: stdout all=warning uptime,level,tags
 #1: stderr all=off uptime,level,tags

Environment Variables:
JAVA_HOME=D:\Program Files\Java\jdk-17.0.2
PATH=C:\Program Files\Common Files\Oracle\Java\javapath;C:\oraclexe\app\oracle\product\10.2.0\server\bin;D:\ProgramData\Oracle\21c\dbhomeXE\bin;C:\Program Files (x86)\Intel\iCLS Client\;C:\Program Files\Intel\iCLS Client\;C:\Windows\system32;C:\Windows;C:\Windows\System32\Wbem;C:\Windows\System32\WindowsPowerShell\v1.0\;C:\Windows\System32\OpenSSH\;D:\Program Files\Java\jdk-17.0.2\bin;D:\Program Files\Intel\Intel(R) Management Engine Components\DAL;C:\Program Files\Intel\Intel(R) Management Engine Components\DAL;D:\Program Files\Intel\Intel(R) Management Engine Components\IPT;C:\Program Files\Intel\Intel(R) Management Engine Components\IPT;C:\WINDOWS\system32;C:\WINDOWS;C:\WINDOWS\System32\Wbem;C:\WINDOWS\System32\WindowsPowerShell\v1.0\;C:\WINDOWS\System32\OpenSSH\;C:\Program Files\NVIDIA Corporation\NVIDIA NvDLISR;C:\Program Files\dotnet\;C:\MinGW\bin;D:\Program Files (x86)\flutter\bin;C:\Users\Mohamed\AppData\Roaming\nvm;C:\Program Files\nodejs;C:\Program Files (x86)\NVIDIA Corporation\PhysX\Common;D:\Program Files\Git\cmd;;C:\Program Files\Docker\Docker\resources\bin;C:\ProgramData\DockerDesktop\version-bin;D:\Program Files (x86)\Python\Scripts\;D:\Program Files (x86)\Python\;C:\Users\Mohamed\AppData\Local\Microsoft\WindowsApps;D:\Program Files (x86)\Microsoft Visual Studio\Shared\Python36_64;D:\Program Files (x86)\Microsoft Visual Studio\Shared\Python36_64\Scripts;D:\Program Files (x86)\Microsoft Visual Studio\Microsoft VS Code\bin;C:\Users\Mohamed\AppData\Roaming\npm;D:\Program Files\FFmpeg\bin;C:\Users\Mohamed\.dotnet\tools;D:\Flex Windows\Lex\bin;D:\Flex Windows\bison\bin;D:\Program Files (x86)\flutter\bin;C:\Users\Mohamed\AppData\Roaming\nvm;C:\Program Files\nodejs;C:\Users\Mohamed\.dotnet\tools;D:\Program Files\JetBrains\IntelliJ IDEA Community Edition 2021.3.1\bin;;D:\Desktop\Useful Programs\apache-maven-3.8.4\bin;D:\Program Files\OpenCV\OpenCV-MinGW-Build\x64\mingw\bin;D:\Program Files\Tesseract-OCR;D:\Program Files\Gitlab-Runner;
USERNAME=Mohamed
OS=Windows_NT
PROCESSOR_IDENTIFIER=Intel64 Family 6 Model 158 Stepping 9, GenuineIntel



---------------  S Y S T E M  ---------------

OS:
 Windows 10 , 64 bit Build 19041 (10.0.19041.1202)
OS uptime: 0 days 4:25 hours
Hyper-V role detected

CPU: total 8 (initial active 8) (4 cores per cpu, 2 threads per core) family 6 model 158 stepping 9 microcode 0xb4, cx8, cmov, fxsr, ht, mmx, 3dnowpref, sse, sse2, sse3, ssse3, sse4.1, sse4.2, popcnt, lzcnt, tsc, tscinvbit, avx, avx2, aes, erms, clmul, bmi1, bmi2, adx, fma, vzeroupper, clflush, clflushopt, hv

Memory: 4k page, system-wide physical 12171M (2112M free)
TotalPageFile size 16171M (AvailPageFile size 131M)
current process WorkingSet (physical memory assigned to process): 10M, peak: 10M
current process commit charge ("private bytes"): 55M, peak: 247M

vm_info: OpenJDK 64-Bit Server VM (17.0.1+12) for windows-amd64 JRE (17.0.1+12), built on Oct 20 2021 07:42:55 by "" with MS VC++ 16.7 (VS2019)

END.
